<?xml version="1.0" encoding="UTF-8"?>
<!-- Generated by org.testng.reporters.JUnitReportReporter -->
<testsuite hostname="DESKTOP-LPUTKQE" failures="0" tests="1" name="TC002_POST_Response" time="2.490" errors="0" timestamp="2022-07-17T18:32:01 IST" skipped="0">
  <testcase classname="TC002_POST_Response" name="validate_post" time="2.490"/>
  <system-out>
    <![CDATA[TC Passed statuscode matched
TC Passed statusline matched]]>
  </system-out>
</testsuite> <!-- TC002_POST_Response -->
