<?xml version="1.0" encoding="UTF-8"?>
<!-- Generated by org.testng.reporters.JUnitReportReporter -->
<testsuite hostname="DESKTOP-LPUTKQE" failures="0" tests="1" name="TC001_GET_StatuscodeStatusLine" time="3.096" errors="0" timestamp="2022-07-17T17:43:26 IST" skipped="0">
  <testcase classname="TC001_GET_StatuscodeStatusLine" name="validate" time="3.096"/>
  <system-out>
    <![CDATA[TC passed Matched 
TC passed Matched 
TC passed header value matched]]>
  </system-out>
</testsuite> <!-- TC001_GET_StatuscodeStatusLine -->
